{"C:\\D\\SaurabhShekhar\\Projects\\Personal\\GIT\\reactcomponentportal-github\\src\\app\\App.tsx": {"path":"C:\\D\\SaurabhShekhar\\Projects\\Personal\\GIT\\reactcomponentportal-github\\src\\app\\App.tsx","statementMap":{"0":{"start":{"line":1,"column":0},"end":{"line":1,"column":26}},"1":{"start":{"line":2,"column":0},"end":{"line":2,"column":64}},"2":{"start":{"line":4,"column":0},"end":{"line":4,"column":46}},"3":{"start":{"line":6,"column":0},"end":{"line":6,"column":19}},"4":{"start":{"line":9,"column":0},"end":{"line":9,"column":49}},"5":{"start":{"line":12,"column":0},"end":{"line":12,"column":55}},"6":{"start":{"line":13,"column":0},"end":{"line":13,"column":37}},"7":{"start":{"line":14,"column":0},"end":{"line":14,"column":46}},"8":{"start":{"line":15,"column":0},"end":{"line":15,"column":31}},"9":{"start":{"line":16,"column":0},"end":{"line":16,"column":43}},"10":{"start":{"line":17,"column":0},"end":{"line":17,"column":49}},"11":{"start":{"line":19,"column":12},"end":{"line":52,"column":1}},"12":{"start":{"line":20,"column":31},"end":{"line":20,"column":103}},"13":{"start":{"line":21,"column":2},"end":{"line":21,"column":40}},"14":{"start":{"line":23,"column":29},"end":{"line":23,"column":79}},"15":{"start":{"line":25,"column":2},"end":{"line":51,"column":4}},"16":{"start":{"line":37,"column":64},"end":{"line":37,"column":110}},"17":{"start":{"line":38,"column":54},"end":{"line":38,"column":82}},"18":{"start":{"line":39,"column":76},"end":{"line":39,"column":122}},"19":{"start":{"line":54,"column":31},"end":{"line":56,"column":1}},"20":{"start":{"line":55,"column":2},"end":{"line":55,"column":30}},"21":{"start":{"line":58,"column":32},"end":{"line":72,"column":1}},"22":{"start":{"line":59,"column":36},"end":{"line":59,"column":80}},"23":{"start":{"line":60,"column":38},"end":{"line":60,"column":87}},"24":{"start":{"line":62,"column":36},"end":{"line":62,"column":73}},"25":{"start":{"line":63,"column":37},"end":{"line":63,"column":79}},"26":{"start":{"line":66,"column":2},"end":{"line":71,"column":4}},"27":{"start":{"line":74,"column":0},"end":{"line":74,"column":19}}},"fnMap":{"0":{"name":"(anonymous_1)","decl":{"start":{"line":19,"column":12},"end":{"line":19,"column":15}},"loc":{"start":{"line":19,"column":17},"end":{"line":52,"column":1}}},"1":{"name":"(anonymous_2)","decl":{"start":{"line":37,"column":58},"end":{"line":37,"column":61}},"loc":{"start":{"line":37,"column":64},"end":{"line":37,"column":110}}},"2":{"name":"(anonymous_3)","decl":{"start":{"line":38,"column":48},"end":{"line":38,"column":51}},"loc":{"start":{"line":38,"column":54},"end":{"line":38,"column":82}}},"3":{"name":"(anonymous_4)","decl":{"start":{"line":39,"column":70},"end":{"line":39,"column":73}},"loc":{"start":{"line":39,"column":76},"end":{"line":39,"column":122}}},"4":{"name":"(anonymous_5)","decl":{"start":{"line":54,"column":31},"end":{"line":54,"column":34}},"loc":{"start":{"line":54,"column":36},"end":{"line":56,"column":1}}},"5":{"name":"(anonymous_6)","decl":{"start":{"line":58,"column":32},"end":{"line":58,"column":35}},"loc":{"start":{"line":58,"column":37},"end":{"line":72,"column":1}}}},"branchMap":{},"s":{"0":1,"1":1,"2":1,"3":1,"4":1,"5":1,"6":1,"7":1,"8":1,"9":1,"10":1,"11":1,"12":1,"13":1,"14":1,"15":1,"16":0,"17":0,"18":0,"19":1,"20":0,"21":1,"22":0,"23":0,"24":0,"25":0,"26":0,"27":1},"f":{"0":1,"1":0,"2":0,"3":0,"4":0,"5":0},"b":{}}
,"C:\\D\\SaurabhShekhar\\Projects\\Personal\\GIT\\reactcomponentportal-github\\src\\app\\Accordion\\Accordion.tsx": {"path":"C:\\D\\SaurabhShekhar\\Projects\\Personal\\GIT\\reactcomponentportal-github\\src\\app\\Accordion\\Accordion.tsx","statementMap":{"0":{"start":{"line":1,"column":0},"end":{"line":1,"column":26}},"1":{"start":{"line":2,"column":0},"end":{"line":2,"column":25}},"2":{"start":{"line":3,"column":0},"end":{"line":3,"column":41}},"3":{"start":{"line":20,"column":8},"end":{"line":20,"column":21}},"4":{"start":{"line":29,"column":4},"end":{"line":33,"column":null}},"5":{"start":{"line":30,"column":8},"end":{"line":32,"column":11}},"6":{"start":{"line":21,"column":8},"end":{"line":21,"column":26}},"7":{"start":{"line":22,"column":8},"end":{"line":22,"column":48}},"8":{"start":{"line":24,"column":8},"end":{"line":26,"column":null}},"9":{"start":{"line":36,"column":35},"end":{"line":36,"column":45}},"10":{"start":{"line":37,"column":29},"end":{"line":37,"column":40}},"11":{"start":{"line":38,"column":27},"end":{"line":38,"column":44}},"12":{"start":{"line":39,"column":28},"end":{"line":39,"column":33}},"13":{"start":{"line":40,"column":8},"end":{"line":40,"column":89}},"14":{"start":{"line":41,"column":8},"end":{"line":41,"column":83}},"15":{"start":{"line":42,"column":8},"end":{"line":42,"column":109}},"16":{"start":{"line":44,"column":8},"end":{"line":63,"column":null}},"17":{"start":{"line":67,"column":0},"end":{"line":67,"column":25}}},"fnMap":{"0":{"name":"(anonymous_1)","decl":{"start":{"line":19,"column":4},"end":{"line":19,"column":16}},"loc":{"start":{"line":19,"column":38},"end":{"line":27,"column":5}}},"1":{"name":"(anonymous_2)","decl":{"start":{"line":29,"column":22},"end":{"line":29,"column":23}},"loc":{"start":{"line":29,"column":33},"end":{"line":33,"column":5}}},"2":{"name":"(anonymous_3)","decl":{"start":{"line":35,"column":4},"end":{"line":35,"column":10}},"loc":{"start":{"line":35,"column":10},"end":{"line":64,"column":5}}}},"branchMap":{"0":{"loc":{"start":{"line":40,"column":45},"end":{"line":40,"column":71}},"type":"cond-expr","locations":[{"start":{"line":40,"column":45},"end":{"line":40,"column":71}},{"start":{"line":40,"column":74},"end":{"line":40,"column":88}}]},"1":{"loc":{"start":{"line":41,"column":43},"end":{"line":41,"column":67}},"type":"cond-expr","locations":[{"start":{"line":41,"column":43},"end":{"line":41,"column":67}},{"start":{"line":41,"column":70},"end":{"line":41,"column":82}}]},"2":{"loc":{"start":{"line":42,"column":44},"end":{"line":42,"column":92}},"type":"cond-expr","locations":[{"start":{"line":42,"column":44},"end":{"line":42,"column":92}},{"start":{"line":42,"column":95},"end":{"line":42,"column":108}}]}},"s":{"0":3,"1":3,"2":3,"3":2,"4":2,"5":0,"6":2,"7":2,"8":2,"9":2,"10":2,"11":2,"12":2,"13":2,"14":2,"15":2,"16":2,"17":3},"f":{"0":2,"1":0,"2":2},"b":{"0":[0,2],"1":[0,2],"2":[0,2]}}
,"C:\\D\\SaurabhShekhar\\Projects\\Personal\\GIT\\reactcomponentportal-github\\src\\app\\Autocomplete\\Autocomplete.tsx": {"path":"C:\\D\\SaurabhShekhar\\Projects\\Personal\\GIT\\reactcomponentportal-github\\src\\app\\Autocomplete\\Autocomplete.tsx","statementMap":{"0":{"start":{"line":1,"column":0},"end":{"line":1,"column":26}},"1":{"start":{"line":2,"column":0},"end":{"line":2,"column":28}},"2":{"start":{"line":26,"column":8},"end":{"line":26,"column":21}},"3":{"start":{"line":36,"column":4},"end":{"line":51,"column":6}},"4":{"start":{"line":37,"column":32},"end":{"line":37,"column":42}},"5":{"start":{"line":38,"column":26},"end":{"line":38,"column":47}},"6":{"start":{"line":40,"column":36},"end":{"line":42,"column":null}},"7":{"start":{"line":42,"column":16},"end":{"line":42,"column":78}},"8":{"start":{"line":45,"column":8},"end":{"line":50,"column":11}},"9":{"start":{"line":53,"column":4},"end":{"line":60,"column":6}},"10":{"start":{"line":54,"column":8},"end":{"line":59,"column":11}},"11":{"start":{"line":62,"column":4},"end":{"line":83,"column":6}},"12":{"start":{"line":63,"column":58},"end":{"line":63,"column":68}},"13":{"start":{"line":65,"column":8},"end":{"line":82,"column":null}},"14":{"start":{"line":66,"column":12},"end":{"line":70,"column":15}},"15":{"start":{"line":71,"column":15},"end":{"line":82,"column":null}},"16":{"start":{"line":72,"column":12},"end":{"line":74,"column":null}},"17":{"start":{"line":73,"column":16},"end":{"line":73,"column":23}},"18":{"start":{"line":75,"column":12},"end":{"line":75,"column":70}},"19":{"start":{"line":76,"column":15},"end":{"line":82,"column":null}},"20":{"start":{"line":77,"column":12},"end":{"line":79,"column":null}},"21":{"start":{"line":78,"column":16},"end":{"line":78,"column":23}},"22":{"start":{"line":81,"column":12},"end":{"line":81,"column":70}},"23":{"start":{"line":27,"column":8},"end":{"line":27,"column":27}},"24":{"start":{"line":28,"column":8},"end":{"line":33,"column":null}},"25":{"start":{"line":86,"column":86},"end":{"line":86,"column":96}},"26":{"start":{"line":89,"column":8},"end":{"line":113,"column":null}},"27":{"start":{"line":90,"column":12},"end":{"line":112,"column":null}},"28":{"start":{"line":91,"column":16},"end":{"line":105,"column":18}},"29":{"start":{"line":94,"column":44},"end":{"line":94,"column":46}},"30":{"start":{"line":95,"column":28},"end":{"line":97,"column":null}},"31":{"start":{"line":96,"column":32},"end":{"line":96,"column":77}},"32":{"start":{"line":98,"column":28},"end":{"line":102,"column":30}},"33":{"start":{"line":99,"column":108},"end":{"line":99,"column":127}},"34":{"start":{"line":107,"column":16},"end":{"line":111,"column":18}},"35":{"start":{"line":115,"column":8},"end":{"line":135,"column":10}},"36":{"start":{"line":122,"column":50},"end":{"line":122,"column":71}},"37":{"start":{"line":123,"column":49},"end":{"line":123,"column":69}},"38":{"start":{"line":21,"column":18},"end":{"line":23,"column":6}},"39":{"start":{"line":139,"column":0},"end":{"line":139,"column":28}}},"fnMap":{"0":{"name":"(anonymous_1)","decl":{"start":{"line":25,"column":4},"end":{"line":25,"column":16}},"loc":{"start":{"line":25,"column":41},"end":{"line":34,"column":5}}},"1":{"name":"(anonymous_2)","decl":{"start":{"line":36,"column":15},"end":{"line":36,"column":16}},"loc":{"start":{"line":36,"column":26},"end":{"line":51,"column":5}}},"2":{"name":"(anonymous_3)","decl":{"start":{"line":41,"column":12},"end":{"line":41,"column":13}},"loc":{"start":{"line":42,"column":16},"end":{"line":42,"column":78}}},"3":{"name":"(anonymous_4)","decl":{"start":{"line":53,"column":14},"end":{"line":53,"column":15}},"loc":{"start":{"line":53,"column":25},"end":{"line":60,"column":5}}},"4":{"name":"(anonymous_5)","decl":{"start":{"line":62,"column":16},"end":{"line":62,"column":17}},"loc":{"start":{"line":62,"column":27},"end":{"line":83,"column":5}}},"5":{"name":"(anonymous_6)","decl":{"start":{"line":85,"column":4},"end":{"line":85,"column":10}},"loc":{"start":{"line":85,"column":10},"end":{"line":136,"column":5}}},"6":{"name":"(anonymous_7)","decl":{"start":{"line":93,"column":49},"end":{"line":93,"column":50}},"loc":{"start":{"line":93,"column":87},"end":{"line":103,"column":25}}},"7":{"name":"(anonymous_8)","decl":{"start":{"line":99,"column":97},"end":{"line":99,"column":98}},"loc":{"start":{"line":99,"column":108},"end":{"line":99,"column":127}}},"8":{"name":"(anonymous_9)","decl":{"start":{"line":122,"column":39},"end":{"line":122,"column":40}},"loc":{"start":{"line":122,"column":50},"end":{"line":122,"column":71}}},"9":{"name":"(anonymous_10)","decl":{"start":{"line":123,"column":38},"end":{"line":123,"column":39}},"loc":{"start":{"line":123,"column":49},"end":{"line":123,"column":69}}}},"branchMap":{"0":{"loc":{"start":{"line":65,"column":8},"end":{"line":82,"column":null}},"type":"if","locations":[{"start":{"line":65,"column":8},"end":{"line":82,"column":null}},{"start":{"line":65,"column":8},"end":{"line":82,"column":null}}]},"1":{"loc":{"start":{"line":71,"column":15},"end":{"line":82,"column":null}},"type":"if","locations":[{"start":{"line":71,"column":15},"end":{"line":82,"column":null}},{"start":{"line":71,"column":15},"end":{"line":82,"column":null}}]},"2":{"loc":{"start":{"line":72,"column":12},"end":{"line":74,"column":null}},"type":"if","locations":[{"start":{"line":72,"column":12},"end":{"line":74,"column":null}},{"start":{"line":72,"column":12},"end":{"line":74,"column":null}}]},"3":{"loc":{"start":{"line":76,"column":15},"end":{"line":82,"column":null}},"type":"if","locations":[{"start":{"line":76,"column":15},"end":{"line":82,"column":null}},{"start":{"line":76,"column":15},"end":{"line":82,"column":null}}]},"4":{"loc":{"start":{"line":77,"column":12},"end":{"line":79,"column":null}},"type":"if","locations":[{"start":{"line":77,"column":12},"end":{"line":79,"column":null}},{"start":{"line":77,"column":12},"end":{"line":79,"column":null}}]},"5":{"loc":{"start":{"line":89,"column":8},"end":{"line":113,"column":null}},"type":"if","locations":[{"start":{"line":89,"column":8},"end":{"line":113,"column":null}},{"start":{"line":89,"column":8},"end":{"line":113,"column":null}}]},"6":{"loc":{"start":{"line":89,"column":12},"end":{"line":89,"column":27}},"type":"binary-expr","locations":[{"start":{"line":89,"column":12},"end":{"line":89,"column":27}},{"start":{"line":89,"column":31},"end":{"line":89,"column":40}}]},"7":{"loc":{"start":{"line":90,"column":12},"end":{"line":112,"column":null}},"type":"if","locations":[{"start":{"line":90,"column":12},"end":{"line":112,"column":null}},{"start":{"line":90,"column":12},"end":{"line":112,"column":null}}]},"8":{"loc":{"start":{"line":95,"column":28},"end":{"line":97,"column":null}},"type":"if","locations":[{"start":{"line":95,"column":28},"end":{"line":97,"column":null}},{"start":{"line":95,"column":28},"end":{"line":97,"column":null}}]}},"s":{"0":1,"1":1,"2":0,"3":0,"4":0,"5":0,"6":0,"7":0,"8":0,"9":0,"10":0,"11":0,"12":0,"13":0,"14":0,"15":0,"16":0,"17":0,"18":0,"19":0,"20":0,"21":0,"22":0,"23":0,"24":0,"25":0,"26":0,"27":0,"28":0,"29":0,"30":0,"31":0,"32":0,"33":0,"34":0,"35":0,"36":0,"37":0,"38":1,"39":1},"f":{"0":0,"1":0,"2":0,"3":0,"4":0,"5":0,"6":0,"7":0,"8":0,"9":0},"b":{"0":[0,0],"1":[0,0],"2":[0,0],"3":[0,0],"4":[0,0],"5":[0,0],"6":[0,0],"7":[0,0],"8":[0,0]}}
,"C:\\D\\SaurabhShekhar\\Projects\\Personal\\GIT\\reactcomponentportal-github\\src\\app\\Chevron\\Chevron.tsx": {"path":"C:\\D\\SaurabhShekhar\\Projects\\Personal\\GIT\\reactcomponentportal-github\\src\\app\\Chevron\\Chevron.tsx","statementMap":{"0":{"start":{"line":1,"column":0},"end":{"line":1,"column":26}},"1":{"start":{"line":11,"column":4},"end":{"line":24,"column":6}},"2":{"start":{"line":27,"column":0},"end":{"line":27,"column":23}}},"fnMap":{"0":{"name":"Chevron","decl":{"start":{"line":10,"column":9},"end":{"line":10,"column":16}},"loc":{"start":{"line":10,"column":37},"end":{"line":25,"column":1}}}},"branchMap":{},"s":{"0":3,"1":1,"2":3},"f":{"0":1},"b":{}}
,"C:\\D\\SaurabhShekhar\\Projects\\Personal\\GIT\\reactcomponentportal-github\\src\\app\\Counter\\Counter.tsx": {"path":"C:\\D\\SaurabhShekhar\\Projects\\Personal\\GIT\\reactcomponentportal-github\\src\\app\\Counter\\Counter.tsx","statementMap":{"0":{"start":{"line":1,"column":0},"end":{"line":1,"column":26}},"1":{"start":{"line":2,"column":0},"end":{"line":2,"column":65}},"2":{"start":{"line":3,"column":0},"end":{"line":3,"column":68}},"3":{"start":{"line":5,"column":0},"end":{"line":5,"column":23}},"4":{"start":{"line":21,"column":8},"end":{"line":21,"column":21}},"5":{"start":{"line":22,"column":8},"end":{"line":22,"column":27}},"6":{"start":{"line":23,"column":8},"end":{"line":26,"column":10}},"7":{"start":{"line":30,"column":8},"end":{"line":30,"column":137}},"8":{"start":{"line":34,"column":8},"end":{"line":34,"column":109}},"9":{"start":{"line":38,"column":8},"end":{"line":57,"column":10}},"10":{"start":{"line":44,"column":43},"end":{"line":44,"column":66}},"11":{"start":{"line":51,"column":100},"end":{"line":51,"column":123}},"12":{"start":{"line":61,"column":0},"end":{"line":61,"column":32}}},"fnMap":{"0":{"name":"(anonymous_1)","decl":{"start":{"line":20,"column":4},"end":{"line":20,"column":16}},"loc":{"start":{"line":20,"column":36},"end":{"line":27,"column":5}}},"1":{"name":"(anonymous_2)","decl":{"start":{"line":29,"column":11},"end":{"line":29,"column":27}},"loc":{"start":{"line":29,"column":27},"end":{"line":31,"column":5}}},"2":{"name":"(anonymous_3)","decl":{"start":{"line":33,"column":11},"end":{"line":33,"column":27}},"loc":{"start":{"line":33,"column":27},"end":{"line":35,"column":5}}},"3":{"name":"(anonymous_4)","decl":{"start":{"line":37,"column":4},"end":{"line":37,"column":10}},"loc":{"start":{"line":37,"column":10},"end":{"line":58,"column":5}}},"4":{"name":"(anonymous_5)","decl":{"start":{"line":44,"column":37},"end":{"line":44,"column":40}},"loc":{"start":{"line":44,"column":43},"end":{"line":44,"column":66}}},"5":{"name":"(anonymous_6)","decl":{"start":{"line":51,"column":94},"end":{"line":51,"column":97}},"loc":{"start":{"line":51,"column":100},"end":{"line":51,"column":123}}}},"branchMap":{"0":{"loc":{"start":{"line":30,"column":58},"end":{"line":30,"column":80}},"type":"cond-expr","locations":[{"start":{"line":30,"column":58},"end":{"line":30,"column":80}},{"start":{"line":30,"column":83},"end":{"line":30,"column":84}}]},"1":{"loc":{"start":{"line":30,"column":121},"end":{"line":30,"column":126}},"type":"cond-expr","locations":[{"start":{"line":30,"column":121},"end":{"line":30,"column":126}},{"start":{"line":30,"column":129},"end":{"line":30,"column":133}}]},"2":{"loc":{"start":{"line":34,"column":93},"end":{"line":34,"column":98}},"type":"cond-expr","locations":[{"start":{"line":34,"column":93},"end":{"line":34,"column":98}},{"start":{"line":34,"column":101},"end":{"line":34,"column":105}}]},"3":{"loc":{"start":{"line":45,"column":60},"end":{"line":45,"column":64}},"type":"cond-expr","locations":[{"start":{"line":45,"column":60},"end":{"line":45,"column":64}},{"start":{"line":45,"column":67},"end":{"line":45,"column":72}}]}},"s":{"0":1,"1":1,"2":1,"3":1,"4":0,"5":0,"6":0,"7":0,"8":0,"9":0,"10":0,"11":0,"12":1},"f":{"0":0,"1":0,"2":0,"3":0,"4":0,"5":0},"b":{"0":[0,0],"1":[0,0],"2":[0,0],"3":[0,0]}}
,"C:\\D\\SaurabhShekhar\\Projects\\Personal\\GIT\\reactcomponentportal-github\\src\\app\\Error\\Error.tsx": {"path":"C:\\D\\SaurabhShekhar\\Projects\\Personal\\GIT\\reactcomponentportal-github\\src\\app\\Error\\Error.tsx","statementMap":{"0":{"start":{"line":1,"column":0},"end":{"line":1,"column":26}},"1":{"start":{"line":3,"column":22},"end":{"line":9,"column":1}},"2":{"start":{"line":4,"column":4},"end":{"line":8,"column":6}},"3":{"start":{"line":11,"column":0},"end":{"line":11,"column":30}}},"fnMap":{"0":{"name":"(anonymous_1)","decl":{"start":{"line":3,"column":22},"end":{"line":3,"column":24}},"loc":{"start":{"line":3,"column":26},"end":{"line":9,"column":1}}}},"branchMap":{},"s":{"0":1,"1":1,"2":0,"3":1},"f":{"0":0},"b":{}}
,"C:\\D\\SaurabhShekhar\\Projects\\Personal\\GIT\\reactcomponentportal-github\\src\\app\\NavBar\\NavBar.tsx": {"path":"C:\\D\\SaurabhShekhar\\Projects\\Personal\\GIT\\reactcomponentportal-github\\src\\app\\NavBar\\NavBar.tsx","statementMap":{"0":{"start":{"line":1,"column":0},"end":{"line":1,"column":26}},"1":{"start":{"line":2,"column":0},"end":{"line":2,"column":40}},"2":{"start":{"line":3,"column":0},"end":{"line":3,"column":22}},"3":{"start":{"line":19,"column":8},"end":{"line":19,"column":21}},"4":{"start":{"line":21,"column":8},"end":{"line":21,"column":47}},"5":{"start":{"line":22,"column":8},"end":{"line":22,"column":27}},"6":{"start":{"line":24,"column":8},"end":{"line":26,"column":10}},"7":{"start":{"line":30,"column":8},"end":{"line":34,"column":11}},"8":{"start":{"line":31,"column":12},"end":{"line":33,"column":14}},"9":{"start":{"line":38,"column":8},"end":{"line":42,"column":11}},"10":{"start":{"line":39,"column":12},"end":{"line":41,"column":14}},"11":{"start":{"line":46,"column":8},"end":{"line":89,"column":10}},"12":{"start":{"line":62,"column":28},"end":{"line":62,"column":71}},"13":{"start":{"line":93,"column":0},"end":{"line":93,"column":22}}},"fnMap":{"0":{"name":"(anonymous_1)","decl":{"start":{"line":18,"column":4},"end":{"line":18,"column":16}},"loc":{"start":{"line":18,"column":35},"end":{"line":27,"column":5}}},"1":{"name":"(anonymous_2)","decl":{"start":{"line":29,"column":11},"end":{"line":29,"column":21}},"loc":{"start":{"line":29,"column":53},"end":{"line":35,"column":5}}},"2":{"name":"(anonymous_3)","decl":{"start":{"line":30,"column":22},"end":{"line":30,"column":23}},"loc":{"start":{"line":30,"column":60},"end":{"line":34,"column":9}}},"3":{"name":"(anonymous_4)","decl":{"start":{"line":37,"column":11},"end":{"line":37,"column":18}},"loc":{"start":{"line":37,"column":18},"end":{"line":43,"column":5}}},"4":{"name":"(anonymous_5)","decl":{"start":{"line":38,"column":22},"end":{"line":38,"column":23}},"loc":{"start":{"line":38,"column":60},"end":{"line":42,"column":9}}},"5":{"name":"(anonymous_6)","decl":{"start":{"line":45,"column":11},"end":{"line":45,"column":17}},"loc":{"start":{"line":45,"column":17},"end":{"line":90,"column":5}}},"6":{"name":"(anonymous_7)","decl":{"start":{"line":61,"column":33},"end":{"line":61,"column":34}},"loc":{"start":{"line":61,"column":48},"end":{"line":63,"column":25}}}},"branchMap":{"0":{"loc":{"start":{"line":68,"column":65},"end":{"line":68,"column":72}},"type":"cond-expr","locations":[{"start":{"line":68,"column":65},"end":{"line":68,"column":72}},{"start":{"line":68,"column":75},"end":{"line":68,"column":81}}]}},"s":{"0":1,"1":1,"2":1,"3":0,"4":0,"5":0,"6":0,"7":0,"8":0,"9":0,"10":0,"11":0,"12":0,"13":1},"f":{"0":0,"1":0,"2":0,"3":0,"4":0,"5":0,"6":0},"b":{"0":[0,0]}}
,"C:\\D\\SaurabhShekhar\\Projects\\Personal\\GIT\\reactcomponentportal-github\\src\\app\\Pagination\\Pagination.tsx": {"path":"C:\\D\\SaurabhShekhar\\Projects\\Personal\\GIT\\reactcomponentportal-github\\src\\app\\Pagination\\Pagination.tsx","statementMap":{"0":{"start":{"line":1,"column":0},"end":{"line":1,"column":26}},"1":{"start":{"line":7,"column":8},"end":{"line":19,"column":10}},"2":{"start":{"line":24,"column":0},"end":{"line":24,"column":26}}},"fnMap":{"0":{"name":"(anonymous_1)","decl":{"start":{"line":6,"column":4},"end":{"line":6,"column":10}},"loc":{"start":{"line":6,"column":10},"end":{"line":20,"column":5}}}},"branchMap":{},"s":{"0":1,"1":0,"2":1},"f":{"0":0},"b":{}}
,"C:\\D\\SaurabhShekhar\\Projects\\Personal\\GIT\\reactcomponentportal-github\\src\\app\\SideNavBar\\SideNavBar.tsx": {"path":"C:\\D\\SaurabhShekhar\\Projects\\Personal\\GIT\\reactcomponentportal-github\\src\\app\\SideNavBar\\SideNavBar.tsx","statementMap":{"0":{"start":{"line":1,"column":0},"end":{"line":1,"column":26}},"1":{"start":{"line":2,"column":0},"end":{"line":2,"column":40}},"2":{"start":{"line":3,"column":0},"end":{"line":3,"column":26}},"3":{"start":{"line":5,"column":19},"end":{"line":29,"column":1}},"4":{"start":{"line":6,"column":4},"end":{"line":28,"column":6}},"5":{"start":{"line":31,"column":0},"end":{"line":31,"column":26}}},"fnMap":{"0":{"name":"(anonymous_1)","decl":{"start":{"line":5,"column":19},"end":{"line":5,"column":22}},"loc":{"start":{"line":5,"column":24},"end":{"line":29,"column":1}}}},"branchMap":{},"s":{"0":1,"1":1,"2":1,"3":1,"4":0,"5":1},"f":{"0":0},"b":{}}
,"C:\\D\\SaurabhShekhar\\Projects\\Personal\\GIT\\reactcomponentportal-github\\src\\app\\Tab\\Tab.tsx": {"path":"C:\\D\\SaurabhShekhar\\Projects\\Personal\\GIT\\reactcomponentportal-github\\src\\app\\Tab\\Tab.tsx","statementMap":{"0":{"start":{"line":1,"column":0},"end":{"line":1,"column":26}},"1":{"start":{"line":12,"column":12},"end":{"line":34,"column":1}},"2":{"start":{"line":13,"column":4},"end":{"line":33,"column":6}},"3":{"start":{"line":36,"column":0},"end":{"line":36,"column":19}}},"fnMap":{"0":{"name":"(anonymous_1)","decl":{"start":{"line":12,"column":12},"end":{"line":12,"column":13}},"loc":{"start":{"line":12,"column":33},"end":{"line":34,"column":1}}}},"branchMap":{},"s":{"0":1,"1":1,"2":0,"3":1},"f":{"0":0},"b":{}}
,"C:\\D\\SaurabhShekhar\\Projects\\Personal\\GIT\\reactcomponentportal-github\\src\\app\\TabContent\\TabContent.tsx": {"path":"C:\\D\\SaurabhShekhar\\Projects\\Personal\\GIT\\reactcomponentportal-github\\src\\app\\TabContent\\TabContent.tsx","statementMap":{"0":{"start":{"line":1,"column":0},"end":{"line":1,"column":26}},"1":{"start":{"line":12,"column":19},"end":{"line":59,"column":1}},"2":{"start":{"line":13,"column":4},"end":{"line":57,"column":6}},"3":{"start":{"line":61,"column":0},"end":{"line":61,"column":26}}},"fnMap":{"0":{"name":"(anonymous_1)","decl":{"start":{"line":12,"column":19},"end":{"line":12,"column":20}},"loc":{"start":{"line":12,"column":47},"end":{"line":59,"column":1}}}},"branchMap":{},"s":{"0":1,"1":1,"2":0,"3":1},"f":{"0":0},"b":{}}
,"C:\\D\\SaurabhShekhar\\Projects\\Personal\\GIT\\reactcomponentportal-github\\src\\app\\Tabs\\Tabs.tsx": {"path":"C:\\D\\SaurabhShekhar\\Projects\\Personal\\GIT\\reactcomponentportal-github\\src\\app\\Tabs\\Tabs.tsx","statementMap":{"0":{"start":{"line":1,"column":0},"end":{"line":1,"column":26}},"1":{"start":{"line":2,"column":0},"end":{"line":2,"column":30}},"2":{"start":{"line":3,"column":0},"end":{"line":3,"column":20}},"3":{"start":{"line":5,"column":0},"end":{"line":5,"column":50}},"4":{"start":{"line":6,"column":0},"end":{"line":6,"column":50}},"5":{"start":{"line":7,"column":0},"end":{"line":7,"column":29}},"6":{"start":{"line":24,"column":8},"end":{"line":24,"column":29}},"7":{"start":{"line":32,"column":4},"end":{"line":36,"column":null}},"8":{"start":{"line":33,"column":8},"end":{"line":35,"column":11}},"9":{"start":{"line":25,"column":8},"end":{"line":25,"column":35}},"10":{"start":{"line":26,"column":8},"end":{"line":29,"column":null}},"11":{"start":{"line":39,"column":8},"end":{"line":82,"column":null}},"12":{"start":{"line":47,"column":59},"end":{"line":47,"column":122}},"13":{"start":{"line":48,"column":62},"end":{"line":48,"column":126}},"14":{"start":{"line":49,"column":32},"end":{"line":57,"column":34}},"15":{"start":{"line":55,"column":58},"end":{"line":55,"column":80}},"16":{"start":{"line":65,"column":58},"end":{"line":65,"column":110}},"17":{"start":{"line":66,"column":32},"end":{"line":72,"column":34}},"18":{"start":{"line":86,"column":0},"end":{"line":86,"column":20}}},"fnMap":{"0":{"name":"(anonymous_1)","decl":{"start":{"line":23,"column":4},"end":{"line":23,"column":16}},"loc":{"start":{"line":23,"column":40},"end":{"line":30,"column":5}}},"1":{"name":"(anonymous_2)","decl":{"start":{"line":32,"column":17},"end":{"line":32,"column":18}},"loc":{"start":{"line":32,"column":35},"end":{"line":36,"column":5}}},"2":{"name":"(anonymous_3)","decl":{"start":{"line":38,"column":4},"end":{"line":38,"column":10}},"loc":{"start":{"line":38,"column":10},"end":{"line":83,"column":5}}},"3":{"name":"(anonymous_4)","decl":{"start":{"line":45,"column":53},"end":{"line":45,"column":54}},"loc":{"start":{"line":45,"column":88},"end":{"line":58,"column":29}}},"4":{"name":"(anonymous_5)","decl":{"start":{"line":55,"column":52},"end":{"line":55,"column":55}},"loc":{"start":{"line":55,"column":58},"end":{"line":55,"column":80}}},"5":{"name":"(anonymous_6)","decl":{"start":{"line":64,"column":53},"end":{"line":64,"column":54}},"loc":{"start":{"line":64,"column":88},"end":{"line":73,"column":29}}}},"branchMap":{"0":{"loc":{"start":{"line":47,"column":94},"end":{"line":47,"column":109}},"type":"cond-expr","locations":[{"start":{"line":47,"column":94},"end":{"line":47,"column":109}},{"start":{"line":47,"column":112},"end":{"line":47,"column":122}}]},"1":{"loc":{"start":{"line":48,"column":97},"end":{"line":48,"column":118}},"type":"cond-expr","locations":[{"start":{"line":48,"column":97},"end":{"line":48,"column":118}},{"start":{"line":48,"column":121},"end":{"line":48,"column":126}}]},"2":{"loc":{"start":{"line":65,"column":93},"end":{"line":65,"column":105}},"type":"cond-expr","locations":[{"start":{"line":65,"column":93},"end":{"line":65,"column":105}},{"start":{"line":65,"column":108},"end":{"line":65,"column":110}}]}},"s":{"0":1,"1":1,"2":1,"3":1,"4":1,"5":1,"6":0,"7":0,"8":0,"9":0,"10":0,"11":0,"12":0,"13":0,"14":0,"15":0,"16":0,"17":0,"18":1},"f":{"0":0,"1":0,"2":0,"3":0,"4":0,"5":0},"b":{"0":[0,0],"1":[0,0],"2":[0,0]}}
}
