TN:
SF:src\app\App.tsx
FN:19,(anonymous_1)
FN:37,(anonymous_2)
FN:38,(anonymous_3)
FN:39,(anonymous_4)
FN:54,(anonymous_5)
FN:58,(anonymous_6)
FNF:6
FNH:1
FNDA:1,(anonymous_1)
FNDA:0,(anonymous_2)
FNDA:0,(anonymous_3)
FNDA:0,(anonymous_4)
FNDA:0,(anonymous_5)
FNDA:0,(anonymous_6)
DA:1,1
DA:2,1
DA:4,1
DA:6,1
DA:9,1
DA:12,1
DA:13,1
DA:14,1
DA:15,1
DA:16,1
DA:17,1
DA:19,1
DA:20,1
DA:21,1
DA:23,1
DA:25,1
DA:37,0
DA:38,0
DA:39,0
DA:54,1
DA:55,0
DA:58,1
DA:59,0
DA:60,0
DA:62,0
DA:63,0
DA:66,0
DA:74,1
LF:28
LH:19
BRF:0
BRH:0
end_of_record
TN:
SF:src\app\Accordion\Accordion.tsx
FN:19,(anonymous_1)
FN:29,(anonymous_2)
FN:35,(anonymous_3)
FNF:3
FNH:2
FNDA:2,(anonymous_1)
FNDA:0,(anonymous_2)
FNDA:2,(anonymous_3)
DA:1,3
DA:2,3
DA:3,3
DA:20,2
DA:21,2
DA:22,2
DA:24,2
DA:29,2
DA:30,0
DA:36,2
DA:37,2
DA:38,2
DA:39,2
DA:40,2
DA:41,2
DA:42,2
DA:44,2
DA:67,3
LF:18
LH:17
BRDA:40,0,0,0
BRDA:40,0,1,2
BRDA:41,1,0,0
BRDA:41,1,1,2
BRDA:42,2,0,0
BRDA:42,2,1,2
BRF:6
BRH:3
end_of_record
TN:
SF:src\app\Autocomplete\Autocomplete.tsx
FN:25,(anonymous_1)
FN:36,(anonymous_2)
FN:41,(anonymous_3)
FN:53,(anonymous_4)
FN:62,(anonymous_5)
FN:85,(anonymous_6)
FN:93,(anonymous_7)
FN:99,(anonymous_8)
FN:122,(anonymous_9)
FN:123,(anonymous_10)
FNF:10
FNH:0
FNDA:0,(anonymous_1)
FNDA:0,(anonymous_2)
FNDA:0,(anonymous_3)
FNDA:0,(anonymous_4)
FNDA:0,(anonymous_5)
FNDA:0,(anonymous_6)
FNDA:0,(anonymous_7)
FNDA:0,(anonymous_8)
FNDA:0,(anonymous_9)
FNDA:0,(anonymous_10)
DA:1,1
DA:2,1
DA:21,1
DA:26,0
DA:27,0
DA:28,0
DA:36,0
DA:37,0
DA:38,0
DA:40,0
DA:42,0
DA:45,0
DA:53,0
DA:54,0
DA:62,0
DA:63,0
DA:65,0
DA:66,0
DA:71,0
DA:72,0
DA:73,0
DA:75,0
DA:76,0
DA:77,0
DA:78,0
DA:81,0
DA:86,0
DA:89,0
DA:90,0
DA:91,0
DA:94,0
DA:95,0
DA:96,0
DA:98,0
DA:99,0
DA:107,0
DA:115,0
DA:122,0
DA:123,0
DA:139,1
LF:40
LH:4
BRDA:65,0,0,0
BRDA:65,0,1,0
BRDA:71,1,0,0
BRDA:71,1,1,0
BRDA:72,2,0,0
BRDA:72,2,1,0
BRDA:76,3,0,0
BRDA:76,3,1,0
BRDA:77,4,0,0
BRDA:77,4,1,0
BRDA:89,5,0,0
BRDA:89,5,1,0
BRDA:89,6,0,0
BRDA:89,6,1,0
BRDA:90,7,0,0
BRDA:90,7,1,0
BRDA:95,8,0,0
BRDA:95,8,1,0
BRF:18
BRH:0
end_of_record
TN:
SF:src\app\Chevron\Chevron.tsx
FN:10,Chevron
FNF:1
FNH:1
FNDA:1,Chevron
DA:1,3
DA:11,1
DA:27,3
LF:3
LH:3
BRF:0
BRH:0
end_of_record
TN:
SF:src\app\Counter\Counter.tsx
FN:20,(anonymous_1)
FN:29,(anonymous_2)
FN:33,(anonymous_3)
FN:37,(anonymous_4)
FN:44,(anonymous_5)
FN:51,(anonymous_6)
FNF:6
FNH:0
FNDA:0,(anonymous_1)
FNDA:0,(anonymous_2)
FNDA:0,(anonymous_3)
FNDA:0,(anonymous_4)
FNDA:0,(anonymous_5)
FNDA:0,(anonymous_6)
DA:1,1
DA:2,1
DA:3,1
DA:5,1
DA:21,0
DA:22,0
DA:23,0
DA:30,0
DA:34,0
DA:38,0
DA:44,0
DA:51,0
DA:61,1
LF:13
LH:5
BRDA:30,0,0,0
BRDA:30,0,1,0
BRDA:30,1,0,0
BRDA:30,1,1,0
BRDA:34,2,0,0
BRDA:34,2,1,0
BRDA:45,3,0,0
BRDA:45,3,1,0
BRF:8
BRH:0
end_of_record
TN:
SF:src\app\Error\Error.tsx
FN:3,(anonymous_1)
FNF:1
FNH:0
FNDA:0,(anonymous_1)
DA:1,1
DA:3,1
DA:4,0
DA:11,1
LF:4
LH:3
BRF:0
BRH:0
end_of_record
TN:
SF:src\app\NavBar\NavBar.tsx
FN:18,(anonymous_1)
FN:29,(anonymous_2)
FN:30,(anonymous_3)
FN:37,(anonymous_4)
FN:38,(anonymous_5)
FN:45,(anonymous_6)
FN:61,(anonymous_7)
FNF:7
FNH:0
FNDA:0,(anonymous_1)
FNDA:0,(anonymous_2)
FNDA:0,(anonymous_3)
FNDA:0,(anonymous_4)
FNDA:0,(anonymous_5)
FNDA:0,(anonymous_6)
FNDA:0,(anonymous_7)
DA:1,1
DA:2,1
DA:3,1
DA:19,0
DA:21,0
DA:22,0
DA:24,0
DA:30,0
DA:31,0
DA:38,0
DA:39,0
DA:46,0
DA:62,0
DA:93,1
LF:14
LH:4
BRDA:68,0,0,0
BRDA:68,0,1,0
BRF:2
BRH:0
end_of_record
TN:
SF:src\app\Pagination\Pagination.tsx
FN:6,(anonymous_1)
FNF:1
FNH:0
FNDA:0,(anonymous_1)
DA:1,1
DA:7,0
DA:24,1
LF:3
LH:2
BRF:0
BRH:0
end_of_record
TN:
SF:src\app\SideNavBar\SideNavBar.tsx
FN:5,(anonymous_1)
FNF:1
FNH:0
FNDA:0,(anonymous_1)
DA:1,1
DA:2,1
DA:3,1
DA:5,1
DA:6,0
DA:31,1
LF:6
LH:5
BRF:0
BRH:0
end_of_record
TN:
SF:src\app\Tab\Tab.tsx
FN:12,(anonymous_1)
FNF:1
FNH:0
FNDA:0,(anonymous_1)
DA:1,1
DA:12,1
DA:13,0
DA:36,1
LF:4
LH:3
BRF:0
BRH:0
end_of_record
TN:
SF:src\app\TabContent\TabContent.tsx
FN:12,(anonymous_1)
FNF:1
FNH:0
FNDA:0,(anonymous_1)
DA:1,1
DA:12,1
DA:13,0
DA:61,1
LF:4
LH:3
BRF:0
BRH:0
end_of_record
TN:
SF:src\app\Tabs\Tabs.tsx
FN:23,(anonymous_1)
FN:32,(anonymous_2)
FN:38,(anonymous_3)
FN:45,(anonymous_4)
FN:55,(anonymous_5)
FN:64,(anonymous_6)
FNF:6
FNH:0
FNDA:0,(anonymous_1)
FNDA:0,(anonymous_2)
FNDA:0,(anonymous_3)
FNDA:0,(anonymous_4)
FNDA:0,(anonymous_5)
FNDA:0,(anonymous_6)
DA:1,1
DA:2,1
DA:3,1
DA:5,1
DA:6,1
DA:7,1
DA:24,0
DA:25,0
DA:26,0
DA:32,0
DA:33,0
DA:39,0
DA:47,0
DA:48,0
DA:49,0
DA:55,0
DA:65,0
DA:66,0
DA:86,1
LF:19
LH:7
BRDA:47,0,0,0
BRDA:47,0,1,0
BRDA:48,1,0,0
BRDA:48,1,1,0
BRDA:65,2,0,0
BRDA:65,2,1,0
BRF:6
BRH:0
end_of_record
